[    2027ms] [LOG] 40100C @ https://www.microsoft.com/en-us/nonprofits/eligibility:328
[    2036ms] [LOG] MAIN: Items in cart handler @ https://www.microsoft.com/en-us/nonprofits/eligibility:330
[    2037ms] [LOG] 28409C | UnipuxCheckoutEntry - No handler found for path: /en-us/nonprofits/eligibility @ https://www.microsoft.com/en-us/nonprofits/eligibility:346
[    2087ms] [LOG] MWF v2.15.1 @ https://www.microsoft.com/foxtrot/etc.clientlibs/microsoft/clientlibs/clientlib-mwf-new/main-light.ACSHASHf8a6ecd849f93a3e5d989c0cee0ceb80.min.js:12771
[    2096ms] [LOG] gpc opt-in @ https://www.microsoft.com/foxtrot/etc.clientlibs/microsoft/clientlibs/cookie-compliance-manager.ACSHASHd471cafc5d23f4577f5cf2676dcc276a.min.js:4
[    2096ms] [LOG] Clarity consent granted @ https://www.microsoft.com/foxtrot/etc.clientlibs/microsoft/clientlibs/cookie-compliance-manager.ACSHASHd471cafc5d23f4577f5cf2676dcc276a.min.js:4
[    2164ms] [LOG] sendToVortex Call @ https://www.microsoft.com/foxtrot/etc.clientlibs/microsoft/clientlibs/exp-analytics/v1.ACSHASHbf7b336dbb370c984e1bf59b1a980d86.min.js:0
[    2278ms] [LOG] 1DS Initialized.. @ https://www.microsoft.com/foxtrot/etc.clientlibs/microsoft/components/structure/page/clientlibs/custom-oneds.ACSHASH2b7224aac4ea4007cb4436ebcdc8cec8.min.js:0
[    2297ms] [LOG] Clarity consent granted @ https://www.microsoft.com/foxtrot/etc.clientlibs/microsoft/clientlibs/cookie-compliance-manager.ACSHASHd471cafc5d23f4577f5cf2676dcc276a.min.js:4
[    2810ms] [INFO] %cDownload the React DevTools for a better development experience: https://reactjs.org/link/react-devtools font-weight:bold @ https://uhf.microsoft.com/statics/20260518.16.05/js/index-CuY0u_Xq.js:13658
[    2937ms] [WARNING] MeControl: Invalid AAD auth configuration @ https://uhf.microsoft.com/statics/20260518.16.05/js/MeControl-DlfJm0uE.js:637
[    3228ms] [LOG] found @ https://www.microsoft.com/en-us/nonprofits/eligibility:330
[    9731ms] [WARNING] The resource https://c.s-microsoft.com/static/fonts/segoe-ui/west-european/Bold/latest.woff2 was preloaded using link preload but not used within a few seconds from the window's load event. Please make sure it has an appropriate `as` value and it is preloaded intentionally. @ https://www.microsoft.com/en-us/nonprofits/eligibility:0
[    9731ms] [WARNING] The resource https://c.s-microsoft.com/static/fonts/segoe-ui/west-european/light/latest.woff2 was preloaded using link preload but not used within a few seconds from the window's load event. Please make sure it has an appropriate `as` value and it is preloaded intentionally. @ https://www.microsoft.com/en-us/nonprofits/eligibility:0
[    9731ms] [WARNING] The resource https://c.s-microsoft.com/static/fonts/segoe-ui/west-european/Semibold/latest.woff2 was preloaded using link preload but not used within a few seconds from the window's load event. Please make sure it has an appropriate `as` value and it is preloaded intentionally. @ https://www.microsoft.com/en-us/nonprofits/eligibility:0
[    9731ms] [WARNING] The resource https://c.s-microsoft.com/static/fonts/segoe-ui/west-european/normal/latest.woff2 was preloaded using link preload but not used within a few seconds from the window's load event. Please make sure it has an appropriate `as` value and it is preloaded intentionally. @ https://www.microsoft.com/en-us/nonprofits/eligibility:0
[    9731ms] [WARNING] The resource https://c.s-microsoft.com/static/fonts/segoe-ui/west-european/semilight/latest.woff2 was preloaded using link preload but not used within a few seconds from the window's load event. Please make sure it has an appropriate `as` value and it is preloaded intentionally. @ https://www.microsoft.com/en-us/nonprofits/eligibility:0
[   17495ms] [WARNING] The resource https://c.s-microsoft.com/static/fonts/segoe-ui/west-european/Bold/latest.woff2 was preloaded using link preload but not used within a few seconds from the window's load event. Please make sure it has an appropriate `as` value and it is preloaded intentionally. @ https://www.microsoft.com/en-us/nonprofits/eligibility:0
[   17495ms] [WARNING] The resource https://c.s-microsoft.com/static/fonts/segoe-ui/west-european/light/latest.woff2 was preloaded using link preload but not used within a few seconds from the window's load event. Please make sure it has an appropriate `as` value and it is preloaded intentionally. @ https://www.microsoft.com/en-us/nonprofits/eligibility:0
[   17495ms] [WARNING] The resource https://c.s-microsoft.com/static/fonts/segoe-ui/west-european/Semibold/latest.woff2 was preloaded using link preload but not used within a few seconds from the window's load event. Please make sure it has an appropriate `as` value and it is preloaded intentionally. @ https://www.microsoft.com/en-us/nonprofits/eligibility:0
[   17495ms] [WARNING] The resource https://c.s-microsoft.com/static/fonts/segoe-ui/west-european/normal/latest.woff2 was preloaded using link preload but not used within a few seconds from the window's load event. Please make sure it has an appropriate `as` value and it is preloaded intentionally. @ https://www.microsoft.com/en-us/nonprofits/eligibility:0
[   17495ms] [WARNING] The resource https://c.s-microsoft.com/static/fonts/segoe-ui/west-european/semilight/latest.woff2 was preloaded using link preload but not used within a few seconds from the window's load event. Please make sure it has an appropriate `as` value and it is preloaded intentionally. @ https://www.microsoft.com/en-us/nonprofits/eligibility:0
