[    1351ms] [WARNING] [OneCloud-SSC] Inline JSON script #oc-cookie-consent-config not found; using defaults. @ https://azure.microsoft.com/acom/etc.clientlibs/onecloud/clientlibs/clientlib-serversideconsent.ACSHASHc3d0ffeff02f02b96c0d76c7468585af.min.js:242
[    2673ms] [LOG] 1DS Initialized.. @ https://azure.microsoft.com/acom/etc.clientlibs/microsoft/components/structure/page/clientlibs/custom-oneds.ACSHASH2b7224aac4ea4007cb4436ebcdc8cec8.min.js:0
[    3627ms] [LOG] note request: [Object, Object] @ https://publisher.liveperson.net/iframe-le-tag/iframe-cs.html?lpsite=60270350&lpsection=azure-leadgen-en-us&buttons=lpChatAzure:497
[    4139ms] [LOG] MWF v2.8.1 @ https://azure.microsoft.com/acom/etc.clientlibs/onecloud/clientlibs/clientlib-mwf-new/main-light.ACSHASHfe9d5283cc0a38f995b64bf0f39192eb.min.js:13154
[    4805ms] [LOG] gpc opt-in @ https://azure.microsoft.com/acom/etc.clientlibs/microsoft/clientlibs/cookie-compliance-manager.ACSHASHd471cafc5d23f4577f5cf2676dcc276a.min.js:4
[    4805ms] [LOG] Clarity consent conditions not met @ https://azure.microsoft.com/acom/etc.clientlibs/microsoft/clientlibs/cookie-compliance-manager.ACSHASHd471cafc5d23f4577f5cf2676dcc276a.min.js:4
[    4805ms] [LOG] No hero found. @ https://azure.microsoft.com/msonecloudapi/assets/msocbody.js:0
[    4827ms] [INFO] [WC Visibility Fix] None of the target tags were found in the DOM. @ https://azure.microsoft.com/msonecloudapi/assets/msocbody.js:728
[    5236ms] [LOG] FeatureEvaluatorV2: API slow (>1.5s), using cached results from local storage @ https://www.microsoft.com/fe/static/feature-evaluator-v2.js:214
[    5327ms] [LOG] WAA: using host site V2 Feature Evaluator SDK instance @ https://www.microsoft.com/webassistant/v1/uca.mjs:6
[    5358ms] [LOG] ext JS_in init @ https://lptag.liveperson.net/lptag/api/account/60270350/configuration/applications/taglets/.jsonp?v=2.0&df=undefined&s=azure-leadgen-en-us&b=undefined:0
[    5358ms] [LOG] ext JS_in addexternalscript @ https://lptag.liveperson.net/lptag/api/account/60270350/configuration/applications/taglets/.jsonp?v=2.0&df=undefined&s=azure-leadgen-en-us&b=undefined:0
[    5358ms] [LOG] ext JS_in valid check @ https://lptag.liveperson.net/lptag/api/account/60270350/configuration/applications/taglets/.jsonp?v=2.0&df=undefined&s=azure-leadgen-en-us&b=undefined:0
[    5358ms] [LOG] ext JS_in_if function @ https://lptag.liveperson.net/lptag/api/account/60270350/configuration/applications/taglets/.jsonp?v=2.0&df=undefined&s=azure-leadgen-en-us&b=undefined:0
[    5359ms] [LOG] ext JS_after add @ https://lptag.liveperson.net/lptag/api/account/60270350/configuration/applications/taglets/.jsonp?v=2.0&df=undefined&s=azure-leadgen-en-us&b=undefined:0
[    5587ms] [LOG] Clarity loaded @ https://azure.microsoft.com/msonecloudapi/assets/msocbody.js:700
[    5589ms] [LOG] User has given full consent for journey signals. @ https://azure.microsoft.com/msonecloudapi/assets/msochead.js:572
[    5590ms] [LOG] Clarity consent granted @ https://azure.microsoft.com/acom/etc.clientlibs/microsoft/clientlibs/cookie-compliance-manager.ACSHASHd471cafc5d23f4577f5cf2676dcc276a.min.js:4
[    5650ms] [LOG] message received from parent page @ https://publisher.liveperson.net/iframe-le-tag/iframe-cs.html?lpsite=60270350&lpsection=azure-leadgen-en-us&buttons=lpChatAzure:760
[    6574ms] [ERROR] Failed to load ttMETA: Error: Timeout waiting for ttMETA
    at poll (https://azure.microsoft.com/msonecloudapi/assets/msochead.js:573:5596) @ https://azure.microsoft.com/msonecloudapi/assets/msochead.js:572
