[    1046ms] [WARNING] [OneCloud-SSC] Inline JSON script #oc-cookie-consent-config not found; using defaults. @ https://azure.microsoft.com/acom/etc.clientlibs/onecloud/clientlibs/clientlib-serversideconsent.ACSHASHc3d0ffeff02f02b96c0d76c7468585af.min.js:242
[    1189ms] Identifier 'OneCloudUtil' has already been declared
[    1380ms] Identifier 'OneCloudUtil' has already been declared
[    1412ms] Identifier 'LocalStorageUtil' has already been declared
[    1543ms] Identifier 'LocalStorageUtil' has already been declared
[    1798ms] Identifier 'OneCloudUtil' has already been declared
[    1802ms] Identifier 'LocalStorageUtil' has already been declared
[    2133ms] [LOG] 1DS Initialized.. @ https://azure.microsoft.com/acom/etc.clientlibs/microsoft/components/structure/page/clientlibs/custom-oneds.ACSHASH2b7224aac4ea4007cb4436ebcdc8cec8.min.js:0
[    3370ms] [LOG] MWF v2.8.1 @ https://azure.microsoft.com/acom/etc.clientlibs/onecloud/clientlibs/clientlib-mwf-new/main-light.ACSHASHfe9d5283cc0a38f995b64bf0f39192eb.min.js:13154
[    3999ms] [LOG] gpc opt-in @ https://azure.microsoft.com/acom/etc.clientlibs/microsoft/clientlibs/cookie-compliance-manager.ACSHASHd471cafc5d23f4577f5cf2676dcc276a.min.js:4
[    3999ms] [LOG] Clarity consent conditions not met @ https://azure.microsoft.com/acom/etc.clientlibs/microsoft/clientlibs/cookie-compliance-manager.ACSHASHd471cafc5d23f4577f5cf2676dcc276a.min.js:4
[    3999ms] [LOG] No hero found. @ https://azure.microsoft.com/msonecloudapi/assets/msocbody.js:0
[    4028ms] [INFO] [WC Visibility Fix] None of the target tags were found in the DOM. @ https://azure.microsoft.com/msonecloudapi/assets/msocbody.js:728
[    4459ms] [LOG] FeatureEvaluatorV2: API slow (>1.5s), using cached results from local storage @ https://www.microsoft.com/fe/static/feature-evaluator-v2.js:214
[    4468ms] [LOG] note request: [] @ https://publisher.liveperson.net/iframe-le-tag/iframe-cs.html?lpsite=60270350&lpsection=azure-leadgen-en-us&buttons=lpChatAzure:497
[    4600ms] [LOG] WAA: using host site V2 Feature Evaluator SDK instance @ https://www.microsoft.com/webassistant/v1/uca.mjs:6
[    4827ms] [LOG] User has given full consent for journey signals. @ https://azure.microsoft.com/msonecloudapi/assets/msochead.js:572
[    4835ms] [LOG] Clarity loaded @ https://azure.microsoft.com/msonecloudapi/assets/msocbody.js:700
[    4865ms] [LOG] Clarity consent granted @ https://azure.microsoft.com/acom/etc.clientlibs/microsoft/clientlibs/cookie-compliance-manager.ACSHASHd471cafc5d23f4577f5cf2676dcc276a.min.js:4
[    5657ms] [ERROR] Failed to load resource: the server responded with a status of 400 (Bad Request) @ https://www.clarity.ms/tag/cn33fv2fqq:0
[    5922ms] [LOG] new condition found @ https://assets.adobedtm.com/launch-ENc0cbffaf0f8248c3a934a56818d7737e.min.js:7
[    5932ms] [LOG] message received from parent page @ https://publisher.liveperson.net/iframe-le-tag/iframe-cs.html?lpsite=60270350&lpsection=azure-leadgen-en-us&buttons=lpChatAzure:760
[    5952ms] [LOG] KIF-46a086f0-ece0-4620-b963-b82fae81a037d: Launcher Rule Fired @ :1
[    5952ms] [LOG] KIF-46a086f0-ece0-4620-b963-b82fae81a037d: LI pixel @ :1
[    5952ms] [LOG] KIF-46a086f0-ece0-4620-b963-b82fae81a037d: FB pixel @ :1
[    5952ms] [LOG] KIF-46a086f0-ece0-4620-b963-b82fae81a037d: Google pixel @ :1
[    5953ms] [LOG] KIF-46a086f0-ece0-4620-b963-b82fae81a037d: Bing pixel @ :1
[    5971ms] [LOG] message received from parent page @ https://publisher.liveperson.net/iframe-le-tag/iframe-cs.html?lpsite=60270350&lpsection=azure-leadgen-en-us&buttons=lpChatAzure:760
[    5983ms] [LOG] KIF-ea8e367c-a1c7-4e88-ae6c-907d6b8b1ab1: Launcher Rule Fired @ :1
[    6093ms] [LOG] ext JS_in init @ https://lptag.liveperson.net/lptag/api/account/60270350/configuration/applications/taglets/.jsonp?v=2.0&df=undefined&s=azure-leadgen-en-us&b=undefined:0
[    6094ms] [LOG] ext JS_in addexternalscript @ https://lptag.liveperson.net/lptag/api/account/60270350/configuration/applications/taglets/.jsonp?v=2.0&df=undefined&s=azure-leadgen-en-us&b=undefined:0
[    6094ms] [LOG] ext JS_in valid check @ https://lptag.liveperson.net/lptag/api/account/60270350/configuration/applications/taglets/.jsonp?v=2.0&df=undefined&s=azure-leadgen-en-us&b=undefined:0
[    6094ms] [LOG] ext JS_in_if function @ https://lptag.liveperson.net/lptag/api/account/60270350/configuration/applications/taglets/.jsonp?v=2.0&df=undefined&s=azure-leadgen-en-us&b=undefined:0
[    6094ms] [LOG] ext JS_after add @ https://lptag.liveperson.net/lptag/api/account/60270350/configuration/applications/taglets/.jsonp?v=2.0&df=undefined&s=azure-leadgen-en-us&b=undefined:0
[    6274ms] [ERROR] Failed to load ttMETA: Error: Timeout waiting for ttMETA
    at poll (https://azure.microsoft.com/msonecloudapi/assets/msochead.js:573:5596) @ https://azure.microsoft.com/msonecloudapi/assets/msochead.js:572
[    6294ms] [ERROR] Refused to execute script from 'https://signup.azure.com/epsilon/?dtm_cid=85524&dtm_cmagic=a2b968&dtm_fid=9870&dtm_promo_id=1&dtmc_loc=https%3A%2F%2Fazure.microsoft.com%2Fen-us%2Fpricing%2Fpurchase-options%2Fazure-account%3Ficid%3Dstartups&cachebuster=231983138' because its MIME type ('') is not executable, and strict MIME type checking is enabled. @ https://azure.microsoft.com/en-us/pricing/purchase-options/azure-account?icid=startups:0
[    7005ms] [LOG] message received from parent page @ https://publisher.liveperson.net/iframe-le-tag/iframe-cs.html?lpsite=60270350&lpsection=azure-leadgen-en-us&buttons=lpChatAzure:760
[    8631ms] [LOG] LP storageType: indexedDB @ https://publisher.liveperson.net/iframe-le-tag/iframe-cs.html?lpsite=60270350&lpsection=azure-leadgen-en-us&buttons=lpChatAzure:652
[    8631ms] [LOG] storage type set @ https://publisher.liveperson.net/iframe-le-tag/iframe-cs.html?lpsite=60270350&lpsection=azure-leadgen-en-us&buttons=lpChatAzure:653
[    9636ms] [LOG] lpButton detected @ https://publisher.liveperson.net/iframe-le-tag/iframe-cs.html?lpsite=60270350&lpsection=azure-leadgen-en-us&buttons=lpChatAzure:2962
